[debug] [2017-09-12T14:39:06.449Z] ----------------------------------------------------------------------
[debug] [2017-09-12T14:39:06.451Z] Command:       /usr/local/Cellar/node/7.4.0/bin/node /usr/local/bin/firebase deploy
[debug] [2017-09-12T14:39:06.451Z] CLI Version:   3.10.0
[debug] [2017-09-12T14:39:06.452Z] Platform:      darwin
[debug] [2017-09-12T14:39:06.452Z] Node Version:  v7.4.0
[debug] [2017-09-12T14:39:06.452Z] Time:          Tue Sep 12 2017 15:39:06 GMT+0100 (WAT)
[debug] [2017-09-12T14:39:06.452Z] ----------------------------------------------------------------------
[debug] 
[debug] [2017-09-12T14:39:06.466Z] > command requires scopes: ["email","openid","https://www.googleapis.com/auth/cloudplatformprojects.readonly","https://www.googleapis.com/auth/firebase","https://www.googleapis.com/auth/cloud-platform"]
[debug] [2017-09-12T14:39:06.466Z] > authorizing via signed-in user
[debug] [2017-09-12T14:39:06.468Z] > refreshing access token with scopes: ["email","https://www.googleapis.com/auth/cloud-platform","https://www.googleapis.com/auth/cloudplatformprojects.readonly","https://www.googleapis.com/auth/firebase","openid"]
[debug] [2017-09-12T14:39:06.468Z] >>> HTTP REQUEST POST https://www.googleapis.com/oauth2/v3/token { refresh_token: '1/RaGVx8seSVetvqmZ5RQBOG1B1EBvtYXVYGpDirY2wm6rIvQ4Ym5nNBEeSIC5D48w',
  client_id: '563584335869-fgrhgmd47bqnekij5i8b5pr03ho849e6.apps.googleusercontent.com',
  client_secret: 'j9iVZfS8kkCEFUPaAeJV0sAi',
  grant_type: 'refresh_token',
  scope: 'email https://www.googleapis.com/auth/cloud-platform https://www.googleapis.com/auth/cloudplatformprojects.readonly https://www.googleapis.com/auth/firebase openid' } 
 Tue Sep 12 2017 15:39:06 GMT+0100 (WAT)
[debug] [2017-09-12T14:39:07.995Z] <<< HTTP RESPONSE 200
[debug] [2017-09-12T14:39:07.998Z] >>> HTTP REQUEST GET https://admin.firebase.com/v1/projects/oliver-f5285  
 Tue Sep 12 2017 15:39:07 GMT+0100 (WAT)
[debug] [2017-09-12T14:39:10.139Z] <<< HTTP RESPONSE 200
[debug] [2017-09-12T14:39:10.140Z] >>> HTTP REQUEST GET https://admin.firebase.com/v1/database/oliver-f5285/tokens  
 Tue Sep 12 2017 15:39:10 GMT+0100 (WAT)
[debug] [2017-09-12T14:39:11.246Z] <<< HTTP RESPONSE 200
[info] 
[info] === Deploying to 'oliver-f5285'...
[info] 
[info] i  deploying hosting
[info] i  hosting: preparing build directory for upload...
[debug] [2017-09-12T14:39:14.926Z] >>> HTTP REQUEST PUT https://deploy.firebase.com/v1/hosting/oliver-f5285/uploads/-KtqWuEDTS31xa9obLE_?fileCount=16&message=  
 Tue Sep 12 2017 15:39:14 GMT+0100 (WAT)
[debug] [2017-09-12T14:40:24.024Z] Error: socket hang up
    at createHangUpError (_http_client.js:253:15)
    at TLSSocket.socketOnEnd (_http_client.js:345:23)
    at emitNone (events.js:91:20)
    at TLSSocket.emit (events.js:185:7)
    at endReadableNT (_stream_readable.js:974:12)
    at _combinedTickCallback (internal/process/next_tick.js:74:11)
    at process._tickCallback (internal/process/next_tick.js:98:9)
[error] 
[error] Error: Server Error. socket hang up
[debug] [2017-09-13T09:29:21.852Z] ----------------------------------------------------------------------
[debug] [2017-09-13T09:29:21.857Z] Command:       /usr/local/Cellar/node/7.4.0/bin/node /usr/local/bin/firebase deploy
[debug] [2017-09-13T09:29:21.858Z] CLI Version:   3.10.0
[debug] [2017-09-13T09:29:21.858Z] Platform:      darwin
[debug] [2017-09-13T09:29:21.858Z] Node Version:  v7.4.0
[debug] [2017-09-13T09:29:21.858Z] Time:          Wed Sep 13 2017 10:29:21 GMT+0100 (WAT)
[debug] [2017-09-13T09:29:21.858Z] ----------------------------------------------------------------------
[debug] 
[debug] [2017-09-13T09:29:21.892Z] > command requires scopes: ["email","openid","https://www.googleapis.com/auth/cloudplatformprojects.readonly","https://www.googleapis.com/auth/firebase","https://www.googleapis.com/auth/cloud-platform"]
[debug] [2017-09-13T09:29:21.892Z] > authorizing via signed-in user
[debug] [2017-09-13T09:29:21.896Z] > refreshing access token with scopes: ["email","https://www.googleapis.com/auth/cloud-platform","https://www.googleapis.com/auth/cloudplatformprojects.readonly","https://www.googleapis.com/auth/firebase","openid"]
[debug] [2017-09-13T09:29:21.896Z] >>> HTTP REQUEST POST https://www.googleapis.com/oauth2/v3/token { refresh_token: '1/RaGVx8seSVetvqmZ5RQBOG1B1EBvtYXVYGpDirY2wm6rIvQ4Ym5nNBEeSIC5D48w',
  client_id: '563584335869-fgrhgmd47bqnekij5i8b5pr03ho849e6.apps.googleusercontent.com',
  client_secret: 'j9iVZfS8kkCEFUPaAeJV0sAi',
  grant_type: 'refresh_token',
  scope: 'email https://www.googleapis.com/auth/cloud-platform https://www.googleapis.com/auth/cloudplatformprojects.readonly https://www.googleapis.com/auth/firebase openid' } 
 Wed Sep 13 2017 10:29:21 GMT+0100 (WAT)
[debug] [2017-09-13T09:29:23.180Z] <<< HTTP RESPONSE 200
[debug] [2017-09-13T09:29:23.185Z] >>> HTTP REQUEST GET https://admin.firebase.com/v1/projects/oliver-f5285  
 Wed Sep 13 2017 10:29:23 GMT+0100 (WAT)
[debug] [2017-09-13T09:29:24.977Z] <<< HTTP RESPONSE 200
[debug] [2017-09-13T09:29:24.979Z] >>> HTTP REQUEST GET https://admin.firebase.com/v1/database/oliver-f5285/tokens  
 Wed Sep 13 2017 10:29:24 GMT+0100 (WAT)
[debug] [2017-09-13T09:29:26.412Z] <<< HTTP RESPONSE 200
